2025-05-09 13:38:50,824 - INFO - [31m[1mWARNING: This is a development server. Do not use it in a production deployment. Use a production WSGI server instead.[0m
 * Running on http://127.0.0.1:5000
2025-05-09 13:38:50,824 - INFO - [33mPress CTRL+C to quit[0m
2025-05-09 13:38:50,834 - INFO -  * Restarting with stat
2025-05-09 13:38:52,074 - WARNING -  * Debugger is active!
2025-05-09 13:38:52,074 - INFO -  * Debugger PIN: 890-676-675
2025-05-09 13:39:21,694 - INFO - [31m[1mWARNING: This is a development server. Do not use it in a production deployment. Use a production WSGI server instead.[0m
 * Running on http://127.0.0.1:5000
2025-05-09 13:39:21,694 - INFO - [33mPress CTRL+C to quit[0m
2025-05-09 13:39:21,694 - INFO -  * Restarting with stat
2025-05-09 13:39:22,936 - WARNING -  * Debugger is active!
2025-05-09 13:39:22,937 - INFO -  * Debugger PIN: 890-676-675
2025-05-09 13:41:26,211 - INFO - [31m[1mWARNING: This is a development server. Do not use it in a production deployment. Use a production WSGI server instead.[0m
 * Running on http://127.0.0.1:5000
2025-05-09 13:41:26,212 - INFO - [33mPress CTRL+C to quit[0m
2025-05-09 13:41:26,213 - INFO -  * Restarting with stat
2025-05-09 13:41:27,462 - WARNING -  * Debugger is active!
2025-05-09 13:41:27,465 - INFO -  * Debugger PIN: 890-676-675
2025-05-09 13:49:34,794 - INFO - [31m[1mWARNING: This is a development server. Do not use it in a production deployment. Use a production WSGI server instead.[0m
 * Running on http://127.0.0.1:5000
2025-05-09 13:49:34,794 - INFO - [33mPress CTRL+C to quit[0m
2025-05-09 13:49:34,794 - INFO -  * Restarting with stat
2025-05-09 13:49:35,789 - WARNING -  * Debugger is active!
2025-05-09 13:49:35,804 - INFO -  * Debugger PIN: 890-676-675
